<?xml version="1.0" encoding="UTF-8"?>
<testng-results ignored="0" total="2" passed="2" failed="0" skipped="0">
  <reporter-output>
  </reporter-output>
  <suite started-at="2020-12-10T22:04:13 PST" name="Suite" finished-at="2020-12-10T22:04:52 PST" duration-ms="39292">
    <groups>
      <group name="SanityTest">
        <method signature="UpsLoginTestRunner.login()[pri:1, instance:com.ups.testRunner.UpsLoginTestRunner@1329eff]" name="login" class="com.ups.testRunner.UpsLoginTestRunner"/>
      </group> <!-- SanityTest -->
      <group name="Regression">
        <method signature="UpsLoginTestRunner.forgotlogin()[pri:2, instance:com.ups.testRunner.UpsLoginTestRunner@1329eff]" name="forgotlogin" class="com.ups.testRunner.UpsLoginTestRunner"/>
      </group> <!-- Regression -->
    </groups>
    <test started-at="2020-12-10T22:04:13 PST" name="Test" finished-at="2020-12-10T22:04:52 PST" duration-ms="39292">
      <class name="com.ups.testRunner.UpsLoginTestRunner">
        <test-method is-config="true" signature="driverInitialize(java.lang.String)[pri:0, instance:com.ups.testRunner.UpsLoginTestRunner@1329eff]" started-at="2020-12-10T22:04:13 PST" name="driverInitialize" finished-at="2020-12-10T22:04:24 PST" duration-ms="11192" status="PASS">
          <params>
            <param index="0">
              <value>
                <![CDATA[ChromeBrowser]]>
              </value>
            </param>
          </params>
          <reporter-output>
          </reporter-output>
        </test-method> <!-- driverInitialize -->
        <test-method signature="login()[pri:1, instance:com.ups.testRunner.UpsLoginTestRunner@1329eff]" started-at="2020-12-10T22:04:24 PST" name="login" finished-at="2020-12-10T22:04:39 PST" duration-ms="14735" status="PASS">
          <reporter-output>
          </reporter-output>
        </test-method> <!-- login -->
        <test-method is-config="true" signature="afterMethod()[pri:0, instance:com.ups.testRunner.UpsLoginTestRunner@1329eff]" started-at="2020-12-10T22:04:39 PST" name="afterMethod" finished-at="2020-12-10T22:04:39 PST" duration-ms="67" status="PASS">
          <reporter-output>
          </reporter-output>
        </test-method> <!-- afterMethod -->
        <test-method is-config="true" signature="driverInitialize(java.lang.String)[pri:0, instance:com.ups.testRunner.UpsLoginTestRunner@1329eff]" started-at="2020-12-10T22:04:39 PST" name="driverInitialize" finished-at="2020-12-10T22:04:49 PST" duration-ms="10178" status="PASS">
          <params>
            <param index="0">
              <value>
                <![CDATA[ChromeBrowser]]>
              </value>
            </param>
          </params>
          <reporter-output>
          </reporter-output>
        </test-method> <!-- driverInitialize -->
        <test-method signature="forgotlogin()[pri:2, instance:com.ups.testRunner.UpsLoginTestRunner@1329eff]" started-at="2020-12-10T22:04:49 PST" name="forgotlogin" finished-at="2020-12-10T22:04:52 PST" duration-ms="3017" status="PASS">
          <reporter-output>
          </reporter-output>
        </test-method> <!-- forgotlogin -->
        <test-method is-config="true" signature="afterMethod()[pri:0, instance:com.ups.testRunner.UpsLoginTestRunner@1329eff]" started-at="2020-12-10T22:04:52 PST" name="afterMethod" finished-at="2020-12-10T22:04:52 PST" duration-ms="69" status="PASS">
          <reporter-output>
          </reporter-output>
        </test-method> <!-- afterMethod -->
      </class> <!-- com.ups.testRunner.UpsLoginTestRunner -->
    </test> <!-- Test -->
  </suite> <!-- Suite -->
</testng-results>
