<?xml version="1.0" encoding="UTF-8"?>
<!-- Generated by org.testng.reporters.JUnitXMLReporter -->
<testsuite ignored="0" hostname="DESKTOP-986N9KC" failures="0" tests="1" name="ChromeBrowser" time="19.929" errors="0" timestamp="2020-12-06T22:26:19 PST">
  <testcase classname="com.ups.testRunner.UpsShippingTestRunner" name="@BeforeMethod driverInitialize" time="0.007">
    <failure type="java.lang.NullPointerException" message="Cannot invoke &amp;quot;org.openqa.selenium.WebDriver.get(String)&amp;quot; because &amp;quot;this.driver&amp;quot; is null">
      <![CDATA[java.lang.NullPointerException: Cannot invoke "org.openqa.selenium.WebDriver.get(String)" because "this.driver" is null
at com.ups.testRunner.UpsShippingTestRunner.driverInitialize(UpsShippingTestRunner.java:32)
at java.base/java.util.ArrayList.forEach(ArrayList.java:1511)
at java.base/java.util.concurrent.FutureTask.run(FutureTask.java:264)
at java.base/java.util.concurrent.ThreadPoolExecutor.runWorker(ThreadPoolExecutor.java:1130)
at java.base/java.util.concurrent.ThreadPoolExecutor$Worker.run(ThreadPoolExecutor.java:630)
at java.base/java.lang.Thread.run(Thread.java:832)
... Removed 22 stack frames]]>
    </failure>
  </testcase> <!-- @BeforeMethod driverInitialize -->
  <testcase classname="com.ups.testRunner.UpsShippingTestRunner" name="shipping" time="8.409"/>
</testsuite> <!-- ChromeBrowser -->
