<?xml version="1.0" encoding="UTF-8"?>
<!-- Generated by org.testng.reporters.JUnitXMLReporter -->
<testsuite ignored="1" hostname="DESKTOP-986N9KC" failures="0" tests="1" name="UpsRegressionTest" time="11.365" errors="0" timestamp="2020-12-10T17:31:57 PST">
  <testcase classname="com.ups.testRunner.UpsLoginTestRunner" name="forgotlogin" time="4.307"/>
  <testcase classname="com.ups.testRunner.UpsLoginTestRunner" name="login" time="0.0">
    <ignored/>
  </testcase> <!-- login -->
</testsuite> <!-- UpsRegressionTest -->
